<?xml version="1.0" encoding="UTF-8"?>
<!-- Generated by org.testng.reporters.JUnitReportReporter -->
<testsuite hostname="F1-E9" failures="0" tests="3" name="TestCases" time="0.003" errors="0" timestamp="2024-04-10T10:22:49 CEST" skipped="0">
  <testcase classname="TestCases" name="setup" time="0.003"/>
  <system-out/>
  <testcase classname="TestCases" name="testSteps" time="0.000"/>
  <system-out/>
  <testcase classname="TestCases" name="tearDown" time="0.000"/>
  <system-out/>
</testsuite> <!-- TestCases -->
